<?xml version="1.0" encoding="utf-8"?><testsuites name="pytest tests"><testsuite name="pytest" errors="0" failures="0" skipped="0" tests="6" time="1.775" timestamp="2026-08-10T17:27:18.847323+00:00" hostname="agent-env-2baeec2d-f79a-48f9-8e90-f076c5730e2e"><testcase classname="tests.test_portfolio_api" name="test_root_health" time="0.125" /><testcase classname="tests.test_portfolio_api" name="test_create_contact_valid_and_persists" time="0.795" /><testcase classname="tests.test_portfolio_api" name="test_create_contact_invalid_email" time="0.228" /><testcase classname="tests.test_portfolio_api" name="test_create_contact_missing_fields" time="0.108" /><testcase classname="tests.test_portfolio_api" name="test_create_contact_empty_name" time="0.076" /><testcase classname="tests.test_portfolio_api" name="test_resume_pdf_served" time="0.090" /></testsuite></testsuites>