<?xml version="1.0" encoding="utf-8"?><testsuites name="pytest tests"><testsuite name="pytest" errors="0" failures="0" skipped="0" tests="12" time="2.556" timestamp="2026-08-10T18:03:13.198624+00:00" hostname="agent-env-2baeec2d-f79a-48f9-8e90-f076c5730e2e"><testcase classname="tests.test_portfolio_api" name="test_root_health" time="0.232" /><testcase classname="tests.test_portfolio_api" name="test_create_contact_valid_and_persists" time="0.992" /><testcase classname="tests.test_portfolio_api" name="test_create_contact_invalid_email" time="0.114" /><testcase classname="tests.test_portfolio_api" name="test_create_contact_missing_fields" time="0.118" /><testcase classname="tests.test_portfolio_api" name="test_create_contact_empty_name" time="0.083" /><testcase classname="tests.test_portfolio_api" name="test_resume_pdf_served" time="0.098" /><testcase classname="tests.test_portfolio_api" name="test_track_page_view_ok" time="0.073" /><testcase classname="tests.test_portfolio_api" name="test_track_resume_download_ok" time="0.088" /><testcase classname="tests.test_portfolio_api" name="test_track_invalid_type_422" time="0.078" /><testcase classname="tests.test_portfolio_api" name="test_insights_wrong_code_401" time="0.099" /><testcase classname="tests.test_portfolio_api" name="test_insights_missing_code_422" time="0.073" /><testcase classname="tests.test_portfolio_api" name="test_insights_valid_returns_totals_and_recents" time="0.178" /></testsuite></testsuites>